<?xml version="1.0" encoding="UTF-8"?>
<!-- Generated by org.testng.reporters.JUnitReportReporter -->
<testsuite hostname="MSI" failures="0" tests="1" name="api.test.UpdateUserTest" time="1.054" errors="0" timestamp="2024-03-14T08:53:43 CDT" skipped="0">
  <testcase classname="api.test.UpdateUserTest" name="updateUser" time="1.054"/>
  <system-out/>
</testsuite> <!-- api.test.UpdateUserTest -->
